<?xml version="1.0" encoding="UTF-8"?>
<!-- Generated by org.testng.reporters.JUnitXMLReporter -->
<testsuite ignored="0" hostname="MSI" failures="0" tests="9" name="Hashtag" time="102.286" errors="0" timestamp="2023-07-18T19:17:19 IST">
  <testcase classname="testCases.TC_001_Services" name="test_account_Registration" time="0.188"/>
  <testcase classname="testCases.TC_001_1_Wordpress_development" name="test_Wordpress_development" time="1.565"/>
  <testcase classname="testCases.TC_001_2_Blockchain_Dev" name="test_Blockchain_Dev" time="0.962"/>
  <testcase classname="testCases.TC_001_3_Design_Prototyping" name="test_Design_Prototyping" time="0.828"/>
  <testcase classname="testCases.TC_002_Shopify" name="test_Shopify" time="0.385"/>
  <testcase classname="testCases.TC_003_Blogs" name="test_Blogs" time="0.603"/>
  <testcase classname="testCases.TC_004_Careers" name="test_Careers" time="0.66"/>
  <testcase classname="testCases.TC_005_Case_Studies" name="test_Case_Studies" time="1.266"/>
  <testcase classname="testCases.TC_006_About_us" name="test_About_us" time="0.748"/>
</testsuite> <!-- Hashtag -->
