<?xml version="1.0" encoding="UTF-8"?>
<!-- Generated by org.testng.reporters.JUnitXMLReporter -->
<testsuite ignored="0" hostname="MSI" failures="0" tests="4" name="Hashtag" time="53.367" errors="0" timestamp="2023-07-18T19:14:23 IST">
  <testcase classname="testCases.TC_001_Services" name="test_account_Registration" time="0.296"/>
  <testcase classname="testCases.TC_001_1_Wordpress_development" name="test_Wordpress_development" time="1.561"/>
  <testcase classname="testCases.TC_001_2_Blockchain_Dev" name="test_Blockchain_Dev" time="0.94"/>
  <testcase classname="testCases.TC_001_3_Design_Prototyping" name="test_Design_Prototyping" time="0.862"/>
</testsuite> <!-- Hashtag -->
