<?xml version="1.0" encoding="UTF-8"?>
<testng-results ignored="0" total="9" passed="9" failed="0" skipped="0">
  <reporter-output>
  </reporter-output>
  <suite started-at="2023-07-18T19:15:36 IST" name="Hashtag" finished-at="2023-07-18T19:17:19 IST" duration-ms="102286">
    <groups>
    </groups>
    <test started-at="2023-07-18T19:15:36 IST" name="Hashtag" finished-at="2023-07-18T19:17:19 IST" duration-ms="102286">
      <class name="testCases.TC_001_3_Design_Prototyping">
        <test-method is-config="true" signature="setup(java.lang.String)[pri:0, instance:testCases.TC_001_3_Design_Prototyping@27462a88]" started-at="2023-07-18T19:16:10 IST" name="setup" finished-at="2023-07-18T19:16:18 IST" duration-ms="8231" status="PASS">
          <params>
            <param index="0">
              <value>
                <![CDATA[chrome]]>
              </value>
            </param>
          </params>
          <reporter-output>
          </reporter-output>
        </test-method> <!-- setup -->
        <test-method signature="test_Design_Prototyping()[pri:0, instance:testCases.TC_001_3_Design_Prototyping@27462a88]" started-at="2023-07-18T19:16:18 IST" name="test_Design_Prototyping" finished-at="2023-07-18T19:16:19 IST" duration-ms="828" status="PASS">
          <reporter-output>
          </reporter-output>
        </test-method> <!-- test_Design_Prototyping -->
        <test-method is-config="true" signature="tearDown()[pri:0, instance:testCases.TC_001_3_Design_Prototyping@27462a88]" started-at="2023-07-18T19:16:19 IST" name="tearDown" finished-at="2023-07-18T19:16:19 IST" duration-ms="258" status="PASS">
          <reporter-output>
          </reporter-output>
        </test-method> <!-- tearDown -->
      </class> <!-- testCases.TC_001_3_Design_Prototyping -->
      <class name="testCases.TC_002_Shopify">
        <test-method is-config="true" signature="setup(java.lang.String)[pri:0, instance:testCases.TC_002_Shopify@82de64a]" started-at="2023-07-18T19:16:19 IST" name="setup" finished-at="2023-07-18T19:16:30 IST" duration-ms="11111" status="PASS">
          <params>
            <param index="0">
              <value>
                <![CDATA[chrome]]>
              </value>
            </param>
          </params>
          <reporter-output>
          </reporter-output>
        </test-method> <!-- setup -->
        <test-method signature="test_Shopify()[pri:0, instance:testCases.TC_002_Shopify@82de64a]" started-at="2023-07-18T19:16:30 IST" name="test_Shopify" finished-at="2023-07-18T19:16:31 IST" duration-ms="385" status="PASS">
          <reporter-output>
          </reporter-output>
        </test-method> <!-- test_Shopify -->
        <test-method is-config="true" signature="tearDown()[pri:0, instance:testCases.TC_002_Shopify@82de64a]" started-at="2023-07-18T19:16:31 IST" name="tearDown" finished-at="2023-07-18T19:16:31 IST" duration-ms="257" status="PASS">
          <reporter-output>
          </reporter-output>
        </test-method> <!-- tearDown -->
      </class> <!-- testCases.TC_002_Shopify -->
      <class name="testCases.TC_005_Case_Studies">
        <test-method is-config="true" signature="setup(java.lang.String)[pri:0, instance:testCases.TC_005_Case_Studies@61001b64]" started-at="2023-07-18T19:16:57 IST" name="setup" finished-at="2023-07-18T19:17:07 IST" duration-ms="9488" status="PASS">
          <params>
            <param index="0">
              <value>
                <![CDATA[chrome]]>
              </value>
            </param>
          </params>
          <reporter-output>
          </reporter-output>
        </test-method> <!-- setup -->
        <test-method signature="test_Case_Studies()[pri:0, instance:testCases.TC_005_Case_Studies@61001b64]" started-at="2023-07-18T19:17:07 IST" name="test_Case_Studies" finished-at="2023-07-18T19:17:08 IST" duration-ms="1266" status="PASS">
          <reporter-output>
          </reporter-output>
        </test-method> <!-- test_Case_Studies -->
        <test-method is-config="true" signature="tearDown()[pri:0, instance:testCases.TC_005_Case_Studies@61001b64]" started-at="2023-07-18T19:17:08 IST" name="tearDown" finished-at="2023-07-18T19:17:08 IST" duration-ms="248" status="PASS">
          <reporter-output>
          </reporter-output>
        </test-method> <!-- tearDown -->
      </class> <!-- testCases.TC_005_Case_Studies -->
      <class name="testCases.TC_003_Blogs">
        <test-method is-config="true" signature="setup(java.lang.String)[pri:0, instance:testCases.TC_003_Blogs@659499f1]" started-at="2023-07-18T19:16:31 IST" name="setup" finished-at="2023-07-18T19:16:46 IST" duration-ms="15523" status="PASS">
          <params>
            <param index="0">
              <value>
                <![CDATA[chrome]]>
              </value>
            </param>
          </params>
          <reporter-output>
          </reporter-output>
        </test-method> <!-- setup -->
        <test-method signature="test_Blogs()[pri:0, instance:testCases.TC_003_Blogs@659499f1]" started-at="2023-07-18T19:16:46 IST" name="test_Blogs" finished-at="2023-07-18T19:16:47 IST" duration-ms="603" status="PASS">
          <reporter-output>
          </reporter-output>
        </test-method> <!-- test_Blogs -->
        <test-method is-config="true" signature="tearDown()[pri:0, instance:testCases.TC_003_Blogs@659499f1]" started-at="2023-07-18T19:16:47 IST" name="tearDown" finished-at="2023-07-18T19:16:47 IST" duration-ms="243" status="PASS">
          <reporter-output>
          </reporter-output>
        </test-method> <!-- tearDown -->
      </class> <!-- testCases.TC_003_Blogs -->
      <class name="testCases.TC_001_2_Blockchain_Dev">
        <test-method is-config="true" signature="setup(java.lang.String)[pri:0, instance:testCases.TC_001_2_Blockchain_Dev@71a8adcf]" started-at="2023-07-18T19:15:59 IST" name="setup" finished-at="2023-07-18T19:16:09 IST" duration-ms="9483" status="PASS">
          <params>
            <param index="0">
              <value>
                <![CDATA[chrome]]>
              </value>
            </param>
          </params>
          <reporter-output>
          </reporter-output>
        </test-method> <!-- setup -->
        <test-method signature="test_Blockchain_Dev()[pri:0, instance:testCases.TC_001_2_Blockchain_Dev@71a8adcf]" started-at="2023-07-18T19:16:09 IST" name="test_Blockchain_Dev" finished-at="2023-07-18T19:16:09 IST" duration-ms="962" status="PASS">
          <reporter-output>
          </reporter-output>
        </test-method> <!-- test_Blockchain_Dev -->
        <test-method is-config="true" signature="tearDown()[pri:0, instance:testCases.TC_001_2_Blockchain_Dev@71a8adcf]" started-at="2023-07-18T19:16:09 IST" name="tearDown" finished-at="2023-07-18T19:16:10 IST" duration-ms="272" status="PASS">
          <reporter-output>
          </reporter-output>
        </test-method> <!-- tearDown -->
      </class> <!-- testCases.TC_001_2_Blockchain_Dev -->
      <class name="testCases.TC_001_1_Wordpress_development">
        <test-method is-config="true" signature="setup(java.lang.String)[pri:0, instance:testCases.TC_001_1_Wordpress_development@49049a04]" started-at="2023-07-18T19:15:48 IST" name="setup" finished-at="2023-07-18T19:15:57 IST" duration-ms="8727" status="PASS">
          <params>
            <param index="0">
              <value>
                <![CDATA[chrome]]>
              </value>
            </param>
          </params>
          <reporter-output>
          </reporter-output>
        </test-method> <!-- setup -->
        <test-method signature="test_Wordpress_development()[pri:0, instance:testCases.TC_001_1_Wordpress_development@49049a04]" started-at="2023-07-18T19:15:57 IST" name="test_Wordpress_development" finished-at="2023-07-18T19:15:59 IST" duration-ms="1565" status="PASS">
          <reporter-output>
          </reporter-output>
        </test-method> <!-- test_Wordpress_development -->
        <test-method is-config="true" signature="tearDown()[pri:0, instance:testCases.TC_001_1_Wordpress_development@49049a04]" started-at="2023-07-18T19:15:59 IST" name="tearDown" finished-at="2023-07-18T19:15:59 IST" duration-ms="284" status="PASS">
          <reporter-output>
          </reporter-output>
        </test-method> <!-- tearDown -->
      </class> <!-- testCases.TC_001_1_Wordpress_development -->
      <class name="testCases.TC_006_About_us">
        <test-method is-config="true" signature="setup(java.lang.String)[pri:0, instance:testCases.TC_006_About_us@4310d43]" started-at="2023-07-18T19:17:08 IST" name="setup" finished-at="2023-07-18T19:17:18 IST" duration-ms="9349" status="PASS">
          <params>
            <param index="0">
              <value>
                <![CDATA[chrome]]>
              </value>
            </param>
          </params>
          <reporter-output>
          </reporter-output>
        </test-method> <!-- setup -->
        <test-method signature="test_About_us()[pri:0, instance:testCases.TC_006_About_us@4310d43]" started-at="2023-07-18T19:17:18 IST" name="test_About_us" finished-at="2023-07-18T19:17:18 IST" duration-ms="748" status="PASS">
          <reporter-output>
          </reporter-output>
        </test-method> <!-- test_About_us -->
        <test-method is-config="true" signature="tearDown()[pri:0, instance:testCases.TC_006_About_us@4310d43]" started-at="2023-07-18T19:17:18 IST" name="tearDown" finished-at="2023-07-18T19:17:19 IST" duration-ms="242" status="PASS">
          <reporter-output>
          </reporter-output>
        </test-method> <!-- tearDown -->
      </class> <!-- testCases.TC_006_About_us -->
      <class name="testCases.TC_001_Services">
        <test-method is-config="true" signature="setup(java.lang.String)[pri:0, instance:testCases.TC_001_Services@7bab3f1a]" started-at="2023-07-18T19:15:37 IST" name="setup" finished-at="2023-07-18T19:15:48 IST" duration-ms="11158" status="PASS">
          <params>
            <param index="0">
              <value>
                <![CDATA[chrome]]>
              </value>
            </param>
          </params>
          <reporter-output>
          </reporter-output>
        </test-method> <!-- setup -->
        <test-method signature="test_account_Registration()[pri:0, instance:testCases.TC_001_Services@7bab3f1a]" started-at="2023-07-18T19:15:48 IST" name="test_account_Registration" finished-at="2023-07-18T19:15:48 IST" duration-ms="188" status="PASS">
          <reporter-output>
          </reporter-output>
        </test-method> <!-- test_account_Registration -->
        <test-method is-config="true" signature="tearDown()[pri:0, instance:testCases.TC_001_Services@7bab3f1a]" started-at="2023-07-18T19:15:48 IST" name="tearDown" finished-at="2023-07-18T19:15:48 IST" duration-ms="303" status="PASS">
          <reporter-output>
          </reporter-output>
        </test-method> <!-- tearDown -->
      </class> <!-- testCases.TC_001_Services -->
      <class name="testCases.TC_004_Careers">
        <test-method is-config="true" signature="setup(java.lang.String)[pri:0, instance:testCases.TC_004_Careers@51e69659]" started-at="2023-07-18T19:16:47 IST" name="setup" finished-at="2023-07-18T19:16:56 IST" duration-ms="9258" status="PASS">
          <params>
            <param index="0">
              <value>
                <![CDATA[chrome]]>
              </value>
            </param>
          </params>
          <reporter-output>
          </reporter-output>
        </test-method> <!-- setup -->
        <test-method signature="test_Careers()[pri:0, instance:testCases.TC_004_Careers@51e69659]" started-at="2023-07-18T19:16:56 IST" name="test_Careers" finished-at="2023-07-18T19:16:57 IST" duration-ms="660" status="PASS">
          <reporter-output>
          </reporter-output>
        </test-method> <!-- test_Careers -->
        <test-method is-config="true" signature="tearDown()[pri:0, instance:testCases.TC_004_Careers@51e69659]" started-at="2023-07-18T19:16:57 IST" name="tearDown" finished-at="2023-07-18T19:16:57 IST" duration-ms="276" status="PASS">
          <reporter-output>
          </reporter-output>
        </test-method> <!-- tearDown -->
      </class> <!-- testCases.TC_004_Careers -->
    </test> <!-- Hashtag -->
  </suite> <!-- Hashtag -->
</testng-results>
