<?xml version="1.0" encoding="UTF-8"?>
<testng-results ignored="0" total="4" passed="4" failed="0" skipped="0">
  <reporter-output>
  </reporter-output>
  <suite started-at="2023-07-18T19:13:29 IST" name="Hashtag" finished-at="2023-07-18T19:14:22 IST" duration-ms="53367">
    <groups>
    </groups>
    <test started-at="2023-07-18T19:13:29 IST" name="Hashtag" finished-at="2023-07-18T19:14:22 IST" duration-ms="53367">
      <class name="testCases.TC_001_3_Design_Prototyping">
        <test-method is-config="true" signature="setup(java.lang.String)[pri:0, instance:testCases.TC_001_3_Design_Prototyping@48aca48b]" started-at="2023-07-18T19:14:11 IST" name="setup" finished-at="2023-07-18T19:14:21 IST" duration-ms="10701" status="PASS">
          <params>
            <param index="0">
              <value>
                <![CDATA[chrome]]>
              </value>
            </param>
          </params>
          <reporter-output>
          </reporter-output>
        </test-method> <!-- setup -->
        <test-method signature="test_Design_Prototyping()[pri:0, instance:testCases.TC_001_3_Design_Prototyping@48aca48b]" started-at="2023-07-18T19:14:21 IST" name="test_Design_Prototyping" finished-at="2023-07-18T19:14:22 IST" duration-ms="862" status="PASS">
          <reporter-output>
          </reporter-output>
        </test-method> <!-- test_Design_Prototyping -->
        <test-method is-config="true" signature="tearDown()[pri:0, instance:testCases.TC_001_3_Design_Prototyping@48aca48b]" started-at="2023-07-18T19:14:22 IST" name="tearDown" finished-at="2023-07-18T19:14:22 IST" duration-ms="266" status="PASS">
          <reporter-output>
          </reporter-output>
        </test-method> <!-- tearDown -->
      </class> <!-- testCases.TC_001_3_Design_Prototyping -->
      <class name="testCases.TC_001_2_Blockchain_Dev">
        <test-method is-config="true" signature="setup(java.lang.String)[pri:0, instance:testCases.TC_001_2_Blockchain_Dev@6bd61f98]" started-at="2023-07-18T19:13:56 IST" name="setup" finished-at="2023-07-18T19:14:09 IST" duration-ms="13353" status="PASS">
          <params>
            <param index="0">
              <value>
                <![CDATA[chrome]]>
              </value>
            </param>
          </params>
          <reporter-output>
          </reporter-output>
        </test-method> <!-- setup -->
        <test-method signature="test_Blockchain_Dev()[pri:0, instance:testCases.TC_001_2_Blockchain_Dev@6bd61f98]" started-at="2023-07-18T19:14:09 IST" name="test_Blockchain_Dev" finished-at="2023-07-18T19:14:10 IST" duration-ms="940" status="PASS">
          <reporter-output>
          </reporter-output>
        </test-method> <!-- test_Blockchain_Dev -->
        <test-method is-config="true" signature="tearDown()[pri:0, instance:testCases.TC_001_2_Blockchain_Dev@6bd61f98]" started-at="2023-07-18T19:14:10 IST" name="tearDown" finished-at="2023-07-18T19:14:11 IST" duration-ms="269" status="PASS">
          <reporter-output>
          </reporter-output>
        </test-method> <!-- tearDown -->
      </class> <!-- testCases.TC_001_2_Blockchain_Dev -->
      <class name="testCases.TC_001_1_Wordpress_development">
        <test-method is-config="true" signature="setup(java.lang.String)[pri:0, instance:testCases.TC_001_1_Wordpress_development@4efac082]" started-at="2023-07-18T19:13:43 IST" name="setup" finished-at="2023-07-18T19:13:54 IST" duration-ms="10863" status="PASS">
          <params>
            <param index="0">
              <value>
                <![CDATA[chrome]]>
              </value>
            </param>
          </params>
          <reporter-output>
          </reporter-output>
        </test-method> <!-- setup -->
        <test-method signature="test_Wordpress_development()[pri:0, instance:testCases.TC_001_1_Wordpress_development@4efac082]" started-at="2023-07-18T19:13:54 IST" name="test_Wordpress_development" finished-at="2023-07-18T19:13:56 IST" duration-ms="1561" status="PASS">
          <reporter-output>
          </reporter-output>
        </test-method> <!-- test_Wordpress_development -->
        <test-method is-config="true" signature="tearDown()[pri:0, instance:testCases.TC_001_1_Wordpress_development@4efac082]" started-at="2023-07-18T19:13:56 IST" name="tearDown" finished-at="2023-07-18T19:13:56 IST" duration-ms="305" status="PASS">
          <reporter-output>
          </reporter-output>
        </test-method> <!-- tearDown -->
      </class> <!-- testCases.TC_001_1_Wordpress_development -->
      <class name="testCases.TC_001_Services">
        <test-method is-config="true" signature="setup(java.lang.String)[pri:0, instance:testCases.TC_001_Services@4659191b]" started-at="2023-07-18T19:13:29 IST" name="setup" finished-at="2023-07-18T19:13:43 IST" duration-ms="13248" status="PASS">
          <params>
            <param index="0">
              <value>
                <![CDATA[chrome]]>
              </value>
            </param>
          </params>
          <reporter-output>
          </reporter-output>
        </test-method> <!-- setup -->
        <test-method signature="test_account_Registration()[pri:0, instance:testCases.TC_001_Services@4659191b]" started-at="2023-07-18T19:13:43 IST" name="test_account_Registration" finished-at="2023-07-18T19:13:43 IST" duration-ms="296" status="PASS">
          <reporter-output>
          </reporter-output>
        </test-method> <!-- test_account_Registration -->
        <test-method is-config="true" signature="tearDown()[pri:0, instance:testCases.TC_001_Services@4659191b]" started-at="2023-07-18T19:13:43 IST" name="tearDown" finished-at="2023-07-18T19:13:43 IST" duration-ms="338" status="PASS">
          <reporter-output>
          </reporter-output>
        </test-method> <!-- tearDown -->
      </class> <!-- testCases.TC_001_Services -->
    </test> <!-- Hashtag -->
  </suite> <!-- Hashtag -->
</testng-results>
